<?xml version="1.0" encoding="UTF-8"?>
<!-- Generated by org.testng.reporters.JUnitReportReporter -->
<testsuite hostname="INLEN8520069361" failures="0" tests="1" name="XYZBankAutomation.Tests.AddCustomerTest" time="10.189" errors="0" timestamp="2024-04-18T16:10:21 IST" skipped="0">
  <testcase classname="XYZBankAutomation.Tests.AddCustomerTest" name="AddCustomer" time="10.189"/>
  <system-out/>
</testsuite> <!-- XYZBankAutomation.Tests.AddCustomerTest -->
